#! /c/Source/iverilog-install/bin/vvp
:ivl_version "12.0 (devel)" "(s20150603-1539-g2693dd32b)";
:ivl_delay_selection "TYPICAL";
:vpi_time_precision - 12;
:vpi_module "C:\iverilog\lib\ivl\system.vpi";
:vpi_module "C:\iverilog\lib\ivl\vhdl_sys.vpi";
:vpi_module "C:\iverilog\lib\ivl\vhdl_textio.vpi";
:vpi_module "C:\iverilog\lib\ivl\v2005_math.vpi";
:vpi_module "C:\iverilog\lib\ivl\va_math.vpi";
S_0000018d467c7a60 .scope module, "vending_machine_tb" "vending_machine_tb" 2 3;
 .timescale -9 -12;
v0000018d467d3300_0 .net "change", 1 0, v0000018d467868b0_0;  1 drivers
v0000018d467d33a0_0 .var "clk", 0 0;
v0000018d467d3440_0 .var "in", 1 0;
v0000018d467d34e0_0 .net "out", 0 0, v0000018d467db6f0_0;  1 drivers
v0000018d467d3580_0 .var "rst", 0 0;
S_0000018d467db420 .scope module, "uut" "vending_machine" 2 15, 3 1 0, S_0000018d467c7a60;
 .timescale 0 0;
    .port_info 0 /INPUT 1 "clk";
    .port_info 1 /INPUT 1 "rst";
    .port_info 2 /INPUT 2 "in";
    .port_info 3 /OUTPUT 1 "out";
    .port_info 4 /OUTPUT 2 "change";
P_0000018d467c7bf0 .param/l "s0" 0 3 10, C4<00>;
P_0000018d467c7c28 .param/l "s1" 0 3 11, C4<01>;
P_0000018d467c7c60 .param/l "s2" 0 3 12, C4<10>;
v0000018d46786b10_0 .var "c_state", 1 0;
v0000018d467868b0_0 .var "change", 1 0;
v0000018d467c7ca0_0 .net "clk", 0 0, v0000018d467d33a0_0;  1 drivers
v0000018d467db5b0_0 .net "in", 1 0, v0000018d467d3440_0;  1 drivers
v0000018d467db650_0 .var "n_state", 1 0;
v0000018d467db6f0_0 .var "out", 0 0;
v0000018d467db790_0 .net "rst", 0 0, v0000018d467d3580_0;  1 drivers
E_0000018d4678a640 .event anyedge, v0000018d46786b10_0, v0000018d467db5b0_0;
E_0000018d4678aa00 .event posedge, v0000018d467db790_0, v0000018d467c7ca0_0;
    .scope S_0000018d467db420;
T_0 ;
    %wait E_0000018d4678aa00;
    %load/vec4 v0000018d467db790_0;
    %flag_set/vec4 8;
    %jmp/0xz  T_0.0, 8;
    %pushi/vec4 0, 0, 2;
    %assign/vec4 v0000018d46786b10_0, 0;
    %jmp T_0.1;
T_0.0 ;
    %load/vec4 v0000018d467db650_0;
    %assign/vec4 v0000018d46786b10_0, 0;
T_0.1 ;
    %jmp T_0;
    .thread T_0;
    .scope S_0000018d467db420;
T_1 ;
    %wait E_0000018d4678a640;
    %load/vec4 v0000018d46786b10_0;
    %store/vec4 v0000018d467db650_0, 0, 2;
    %pushi/vec4 0, 0, 1;
    %store/vec4 v0000018d467db6f0_0, 0, 1;
    %pushi/vec4 0, 0, 2;
    %store/vec4 v0000018d467868b0_0, 0, 2;
    %load/vec4 v0000018d46786b10_0;
    %dup/vec4;
    %pushi/vec4 0, 0, 2;
    %cmp/u;
    %jmp/1 T_1.0, 6;
    %dup/vec4;
    %pushi/vec4 1, 0, 2;
    %cmp/u;
    %jmp/1 T_1.1, 6;
    %dup/vec4;
    %pushi/vec4 2, 0, 2;
    %cmp/u;
    %jmp/1 T_1.2, 6;
    %pushi/vec4 0, 0, 2;
    %store/vec4 v0000018d467db650_0, 0, 2;
    %pushi/vec4 0, 0, 1;
    %store/vec4 v0000018d467db6f0_0, 0, 1;
    %pushi/vec4 0, 0, 2;
    %store/vec4 v0000018d467868b0_0, 0, 2;
    %jmp T_1.4;
T_1.0 ;
    %load/vec4 v0000018d467db5b0_0;
    %dup/vec4;
    %pushi/vec4 0, 0, 2;
    %cmp/u;
    %jmp/1 T_1.5, 6;
    %dup/vec4;
    %pushi/vec4 1, 0, 2;
    %cmp/u;
    %jmp/1 T_1.6, 6;
    %dup/vec4;
    %pushi/vec4 2, 0, 2;
    %cmp/u;
    %jmp/1 T_1.7, 6;
    %pushi/vec4 0, 0, 2;
    %store/vec4 v0000018d467db650_0, 0, 2;
    %jmp T_1.9;
T_1.5 ;
    %pushi/vec4 0, 0, 2;
    %store/vec4 v0000018d467db650_0, 0, 2;
    %jmp T_1.9;
T_1.6 ;
    %pushi/vec4 1, 0, 2;
    %store/vec4 v0000018d467db650_0, 0, 2;
    %jmp T_1.9;
T_1.7 ;
    %pushi/vec4 2, 0, 2;
    %store/vec4 v0000018d467db650_0, 0, 2;
    %jmp T_1.9;
T_1.9 ;
    %pop/vec4 1;
    %jmp T_1.4;
T_1.1 ;
    %load/vec4 v0000018d467db5b0_0;
    %dup/vec4;
    %pushi/vec4 0, 0, 2;
    %cmp/u;
    %jmp/1 T_1.10, 6;
    %dup/vec4;
    %pushi/vec4 1, 0, 2;
    %cmp/u;
    %jmp/1 T_1.11, 6;
    %dup/vec4;
    %pushi/vec4 2, 0, 2;
    %cmp/u;
    %jmp/1 T_1.12, 6;
    %pushi/vec4 1, 0, 2;
    %store/vec4 v0000018d467db650_0, 0, 2;
    %jmp T_1.14;
T_1.10 ;
    %pushi/vec4 0, 0, 2;
    %store/vec4 v0000018d467db650_0, 0, 2;
    %pushi/vec4 1, 0, 2;
    %store/vec4 v0000018d467868b0_0, 0, 2;
    %jmp T_1.14;
T_1.11 ;
    %pushi/vec4 2, 0, 2;
    %store/vec4 v0000018d467db650_0, 0, 2;
    %jmp T_1.14;
T_1.12 ;
    %pushi/vec4 0, 0, 2;
    %store/vec4 v0000018d467db650_0, 0, 2;
    %pushi/vec4 1, 0, 1;
    %store/vec4 v0000018d467db6f0_0, 0, 1;
    %jmp T_1.14;
T_1.14 ;
    %pop/vec4 1;
    %jmp T_1.4;
T_1.2 ;
    %load/vec4 v0000018d467db5b0_0;
    %dup/vec4;
    %pushi/vec4 0, 0, 2;
    %cmp/u;
    %jmp/1 T_1.15, 6;
    %dup/vec4;
    %pushi/vec4 1, 0, 2;
    %cmp/u;
    %jmp/1 T_1.16, 6;
    %dup/vec4;
    %pushi/vec4 2, 0, 2;
    %cmp/u;
    %jmp/1 T_1.17, 6;
    %pushi/vec4 2, 0, 2;
    %store/vec4 v0000018d467db650_0, 0, 2;
    %jmp T_1.19;
T_1.15 ;
    %pushi/vec4 0, 0, 2;
    %store/vec4 v0000018d467db650_0, 0, 2;
    %pushi/vec4 2, 0, 2;
    %store/vec4 v0000018d467868b0_0, 0, 2;
    %jmp T_1.19;
T_1.16 ;
    %pushi/vec4 0, 0, 2;
    %store/vec4 v0000018d467db650_0, 0, 2;
    %pushi/vec4 1, 0, 1;
    %store/vec4 v0000018d467db6f0_0, 0, 1;
    %jmp T_1.19;
T_1.17 ;
    %pushi/vec4 0, 0, 2;
    %store/vec4 v0000018d467db650_0, 0, 2;
    %pushi/vec4 1, 0, 1;
    %store/vec4 v0000018d467db6f0_0, 0, 1;
    %pushi/vec4 1, 0, 2;
    %store/vec4 v0000018d467868b0_0, 0, 2;
    %jmp T_1.19;
T_1.19 ;
    %pop/vec4 1;
    %jmp T_1.4;
T_1.4 ;
    %pop/vec4 1;
    %jmp T_1;
    .thread T_1, $push;
    .scope S_0000018d467c7a60;
T_2 ;
    %delay 5000, 0;
    %load/vec4 v0000018d467d33a0_0;
    %inv;
    %store/vec4 v0000018d467d33a0_0, 0, 1;
    %jmp T_2;
    .thread T_2;
    .scope S_0000018d467c7a60;
T_3 ;
    %pushi/vec4 0, 0, 1;
    %store/vec4 v0000018d467d33a0_0, 0, 1;
    %pushi/vec4 1, 0, 1;
    %store/vec4 v0000018d467d3580_0, 0, 1;
    %pushi/vec4 0, 0, 2;
    %store/vec4 v0000018d467d3440_0, 0, 2;
    %delay 10000, 0;
    %pushi/vec4 0, 0, 1;
    %store/vec4 v0000018d467d3580_0, 0, 1;
    %delay 10000, 0;
    %pushi/vec4 1, 0, 2;
    %store/vec4 v0000018d467d3440_0, 0, 2;
    %delay 10000, 0;
    %pushi/vec4 0, 0, 2;
    %store/vec4 v0000018d467d3440_0, 0, 2;
    %delay 10000, 0;
    %pushi/vec4 2, 0, 2;
    %store/vec4 v0000018d467d3440_0, 0, 2;
    %delay 10000, 0;
    %pushi/vec4 0, 0, 2;
    %store/vec4 v0000018d467d3440_0, 0, 2;
    %delay 10000, 0;
    %pushi/vec4 2, 0, 2;
    %store/vec4 v0000018d467d3440_0, 0, 2;
    %delay 10000, 0;
    %pushi/vec4 0, 0, 2;
    %store/vec4 v0000018d467d3440_0, 0, 2;
    %delay 10000, 0;
    %pushi/vec4 1, 0, 2;
    %store/vec4 v0000018d467d3440_0, 0, 2;
    %delay 10000, 0;
    %pushi/vec4 0, 0, 2;
    %store/vec4 v0000018d467d3440_0, 0, 2;
    %delay 10000, 0;
    %pushi/vec4 2, 0, 2;
    %store/vec4 v0000018d467d3440_0, 0, 2;
    %delay 10000, 0;
    %pushi/vec4 2, 0, 2;
    %store/vec4 v0000018d467d3440_0, 0, 2;
    %delay 10000, 0;
    %pushi/vec4 0, 0, 2;
    %store/vec4 v0000018d467d3440_0, 0, 2;
    %delay 10000, 0;
    %pushi/vec4 1, 0, 2;
    %store/vec4 v0000018d467d3440_0, 0, 2;
    %delay 10000, 0;
    %pushi/vec4 1, 0, 2;
    %store/vec4 v0000018d467d3440_0, 0, 2;
    %delay 10000, 0;
    %pushi/vec4 0, 0, 2;
    %store/vec4 v0000018d467d3440_0, 0, 2;
    %delay 10000, 0;
    %pushi/vec4 0, 0, 2;
    %store/vec4 v0000018d467d3440_0, 0, 2;
    %delay 10000, 0;
    %vpi_call 2 74 "$finish" {0 0 0};
    %end;
    .thread T_3;
    .scope S_0000018d467c7a60;
T_4 ;
    %vpi_call 2 79 "$display", "Time\011in\011out\011change\011state" {0 0 0};
    %vpi_call 2 80 "$monitor", "%0dns\011%b\011%b\011%b", $time, v0000018d467d3440_0, v0000018d467d34e0_0, v0000018d467d3300_0 {0 0 0};
    %end;
    .thread T_4;
# The file index is used to find the file name in the following table.
:file_names 4;
    "N/A";
    "<interactive>";
    "gpt_tb.v";
    "gpt.v";
